I, [2019-10-21T16:48:07.888403 #8792]  INFO -- : Registered expected interaction GET /dogs
D, [2019-10-21T16:48:07.888403 #8792] DEBUG -- : {
  "description": "a request for all dogs",
  "providerState": "i have a list of dogs",
  "request": {
    "method": "GET",
    "path": "/dogs",
    "headers": {
      "Accept": "application/json"
    }
  },
  "response": {
    "status": 200,
    "headers": {
      "Content-Type": "application/json"
    },
    "body": [
      {
        "dog": 1
      },
      {
        "dog": 2
      }
    ]
  }
}
I, [2019-10-21T16:48:07.935275 #8792]  INFO -- : Received request GET /dogs
D, [2019-10-21T16:48:07.935275 #8792] DEBUG -- : {
  "path": "/dogs",
  "query": "",
  "method": "get",
  "headers": {
    "Accept": "application/json",
    "User-Agent": "axios/0.19.0",
    "Host": "localhost:8992",
    "Connection": "close",
    "Version": "HTTP/1.1"
  }
}
I, [2019-10-21T16:48:07.935275 #8792]  INFO -- : Found matching response for GET /dogs
D, [2019-10-21T16:48:07.935275 #8792] DEBUG -- : {
  "status": 200,
  "headers": {
    "Content-Type": "application/json"
  },
  "body": [
    {
      "dog": 1
    },
    {
      "dog": 2
    }
  ]
}
I, [2019-10-21T16:48:07.971408 #8792]  INFO -- : Verifying - interactions matched
I, [2019-10-21T16:48:07.981376 #8792]  INFO -- : Cleared interactions
I, [2019-10-21T16:48:08.004408 #8792]  INFO -- : Registered expected interaction GET /dogs/1
D, [2019-10-21T16:48:08.004408 #8792] DEBUG -- : {
  "description": "a request for a single dog",
  "providerState": "i have a list of dogs",
  "request": {
    "method": "GET",
    "path": "/dogs/1",
    "headers": {
      "Accept": "application/json"
    }
  },
  "response": {
    "status": 200,
    "headers": {
      "Content-Type": "application/json"
    },
    "body": [
      {
        "dog": 1
      },
      {
        "dog": 2
      }
    ]
  }
}
I, [2019-10-21T16:48:08.029375 #8792]  INFO -- : Received request GET /dogs/1
D, [2019-10-21T16:48:08.031376 #8792] DEBUG -- : {
  "path": "/dogs/1",
  "query": "",
  "method": "get",
  "headers": {
    "Accept": "application/json",
    "User-Agent": "axios/0.19.0",
    "Host": "localhost:8992",
    "Connection": "close",
    "Version": "HTTP/1.1"
  }
}
I, [2019-10-21T16:48:08.032378 #8792]  INFO -- : Found matching response for GET /dogs/1
D, [2019-10-21T16:48:08.033376 #8792] DEBUG -- : {
  "status": 200,
  "headers": {
    "Content-Type": "application/json"
  },
  "body": [
    {
      "dog": 1
    },
    {
      "dog": 2
    }
  ]
}
I, [2019-10-21T16:48:08.047377 #8792]  INFO -- : Verifying - interactions matched
I, [2019-10-21T16:48:08.058379 #8792]  INFO -- : Cleared interactions
I, [2019-10-21T16:48:08.070375 #8792]  INFO -- : Merging interactions into pact for MyProvider at d:/testC/pacts/myconsumer-myprovider.json
